Building DAG of jobs...
Using shell: /usr/bin/bash
Provided cores: 6
Rules claiming more threads will be scaled down.
Job stats:
job      count
-----  -------
all          1
fastp        2
total        3

Select jobs to execute...

[Wed Feb  7 12:40:54 2024]
rule fastp:
    input: ../../data/fastq/2982B_1.fastq.gz, ../../data/fastq/2982B_2.fastq.gz
    output: 2982B_trim_1.fastq.gz, 2982B_trim_2.fastq.gz
    jobid: 1
    reason: Missing output files: 2982B_trim_1.fastq.gz, 2982B_trim_2.fastq.gz
    wildcards: sample=2982B
    threads: 6
    resources: tmpdir=/tmp

[Wed Feb  7 12:42:11 2024]
Finished job 1.
1 of 3 steps (33%) done
Select jobs to execute...

[Wed Feb  7 12:42:11 2024]
rule fastp:
    input: ../../data/fastq/2981B_1.fastq.gz, ../../data/fastq/2981B_2.fastq.gz
    output: 2981B_trim_1.fastq.gz, 2981B_trim_2.fastq.gz
    jobid: 2
    reason: Missing output files: 2981B_trim_2.fastq.gz, 2981B_trim_1.fastq.gz
    wildcards: sample=2981B
    threads: 6
    resources: tmpdir=/tmp

[Wed Feb  7 12:43:26 2024]
Finished job 2.
2 of 3 steps (67%) done
Select jobs to execute...

[Wed Feb  7 12:43:26 2024]
localrule all:
    input: 2982B_trim_1.fastq.gz, 2981B_trim_1.fastq.gz, 2982B_trim_2.fastq.gz, 2981B_trim_2.fastq.gz
    jobid: 0
    reason: Input files updated by another job: 2982B_trim_1.fastq.gz, 2982B_trim_2.fastq.gz, 2981B_trim_2.fastq.gz, 2981B_trim_1.fastq.gz
    resources: tmpdir=/tmp

[Wed Feb  7 12:43:26 2024]
Finished job 0.
3 of 3 steps (100%) done
Complete log: .snakemake/log/2024-02-07T124054.234939.snakemake.log
