Building DAG of jobs...
Using shell: /usr/bin/bash
Provided cores: 6
Rules claiming more threads will be scaled down.
Job stats:
job      count
-----  -------
all          1
fastp        1
total        2

Select jobs to execute...

[Wed Feb  7 12:23:08 2024]
rule fastp:
    input: ../../data/fastq/2982B_1.fastq.gz, ../../data/fastq/2982B_2.fastq.gz
    output: ../../data/fastq/2982B_trim_1.fastq.gz, ../../data/fastq/2982B_trim_2.fastq.gz
    jobid: 1
    reason: Missing output files: ../../data/fastq/2982B_trim_1.fastq.gz, ../../data/fastq/2982B_trim_2.fastq.gz
    threads: 6
    resources: tmpdir=/tmp

[Wed Feb  7 12:24:26 2024]
Finished job 1.
1 of 2 steps (50%) done
Select jobs to execute...

[Wed Feb  7 12:24:26 2024]
localrule all:
    input: ../../data/fastq/2982B_trim_1.fastq.gz, ../../data/fastq/2982B_trim_2.fastq.gz
    jobid: 0
    reason: Input files updated by another job: ../../data/fastq/2982B_trim_1.fastq.gz, ../../data/fastq/2982B_trim_2.fastq.gz
    resources: tmpdir=/tmp

[Wed Feb  7 12:24:26 2024]
Finished job 0.
2 of 2 steps (100%) done
Complete log: .snakemake/log/2024-02-07T122258.655453.snakemake.log
