Building DAG of jobs...
Relative file path './2982B_trim_1.fastq.gz' starts with './'. This is redundant and strongly discouraged. It can also lead to inconsistent results of the file-matching approach used by Snakemake. You can simply omit the './' for relative file paths.
Relative file path './2982B_trim_2.fastq.gz' starts with './'. This is redundant and strongly discouraged. It can also lead to inconsistent results of the file-matching approach used by Snakemake. You can simply omit the './' for relative file paths.
Relative file path './2982B_trim_1.fastq.gz' starts with './'. This is redundant and strongly discouraged. It can also lead to inconsistent results of the file-matching approach used by Snakemake. You can simply omit the './' for relative file paths.
Relative file path './2982B_trim_2.fastq.gz' starts with './'. This is redundant and strongly discouraged. It can also lead to inconsistent results of the file-matching approach used by Snakemake. You can simply omit the './' for relative file paths.
Using shell: /usr/bin/bash
Provided cores: 6
Rules claiming more threads will be scaled down.
Job stats:
job      count
-----  -------
all          1
fastp        1
total        2

Select jobs to execute...

[Wed Feb  7 12:26:54 2024]
rule fastp:
    input: ../../data/fastq/2982B_1.fastq.gz, ../../data/fastq/2982B_2.fastq.gz
    output: ./2982B_trim_1.fastq.gz, ./2982B_trim_2.fastq.gz
    jobid: 1
    reason: Missing output files: ./2982B_trim_2.fastq.gz, ./2982B_trim_1.fastq.gz
    threads: 6
    resources: tmpdir=/tmp

